<?xml version="1.0" encoding="UTF-8"?>
<!-- Generated by org.testng.reporters.JUnitReportReporter -->
<testsuite hostname="DESKTOP-AOAICE6" failures="0" tests="1" name="MW.TestAutomationDesign.Tests.LoginrValidation" time="8.030" errors="0" timestamp="2023-01-18T20:08:27 CET" skipped="0">
  <testcase classname="MW.TestAutomationDesign.Tests.LoginrValidation" name="LogOnSelectedUserFromDatabase" time="8.030"/>
  <system-out/>
</testsuite> <!-- MW.TestAutomationDesign.Tests.LoginrValidation -->
