<?xml version="1.0" encoding="UTF-8"?>
<!-- Generated by org.testng.reporters.JUnitReportReporter -->
<testsuite hostname="DESKTOP-AOAICE6" failures="0" tests="1" name="MW.TestAutomationDesign.Tests.ErrorValidation" time="3.925" errors="0" timestamp="2023-02-01T08:03:07 CET" skipped="0">
  <testcase classname="MW.TestAutomationDesign.Tests.ErrorValidation" name="emptyCheckoutCheck" time="3.925"/>
  <system-out/>
</testsuite> <!-- MW.TestAutomationDesign.Tests.ErrorValidation -->
