<?xml version="1.0" encoding="UTF-8"?>
<!-- Generated by org.testng.reporters.JUnitReportReporter -->
<testsuite hostname="DESKTOP-AOAICE6" failures="0" tests="1" name="MW.TestAutomationDesign.Tests.DevToolsTests" time="4.369" errors="0" timestamp="2023-01-24T22:10:43 CET" skipped="0">
  <testcase classname="MW.TestAutomationDesign.Tests.DevToolsTests" name="websiteOnDifferentDeviceSizes" time="4.369"/>
  <system-out/>
</testsuite> <!-- MW.TestAutomationDesign.Tests.DevToolsTests -->
