<?xml version="1.0" encoding="UTF-8"?>
<!-- Generated by org.testng.reporters.JUnitReportReporter -->
<testsuite hostname="DESKTOP-KNQTGVG" failures="0" tests="1" name="MW.TestAutomationDesign.Tests.OrderTest" time="10.101" errors="0" timestamp="2022-12-21T21:15:09 CET" skipped="0">
  <testcase classname="MW.TestAutomationDesign.Tests.OrderTest" name="checkAllBackbuttons" time="10.101"/>
  <system-out/>
</testsuite> <!-- MW.TestAutomationDesign.Tests.OrderTest -->
