<?xml version="1.0" encoding="UTF-8"?>
<!-- Generated by org.testng.reporters.JUnitReportReporter -->
<testsuite hostname="DESKTOP-AOAICE6" failures="0" tests="3" name="MW.TestAutomationDesign.Tests.LoginValidation" time="56.447" errors="0" timestamp="2023-02-01T08:05:14 CET" skipped="0">
  <testcase classname="MW.TestAutomationDesign.Tests.LoginValidation" name="manuaLoggingInTest" time="23.871"/>
  <system-out/>
  <testcase classname="MW.TestAutomationDesign.Tests.LoginValidation" name="LogOnSelectedUserFromDatabase" time="7.008"/>
  <system-out/>
  <testcase classname="MW.TestAutomationDesign.Tests.LoginValidation" name="logOnAllUsers" time="25.568"/>
  <system-out/>
</testsuite> <!-- MW.TestAutomationDesign.Tests.LoginValidation -->
