<?xml version="1.0" encoding="UTF-8"?>
<!-- Generated by org.testng.reporters.JUnitReportReporter -->
<testsuite hostname="DESKTOP-AOAICE6" failures="0" tests="1" name="MW.TestAutomationDesign.Tests.LoginValidation" time="10.485" errors="0" timestamp="2023-01-26T21:53:03 CET" skipped="0">
  <testcase classname="MW.TestAutomationDesign.Tests.LoginValidation" name="LogOnAllUsers" time="10.485"/>
  <system-out/>
</testsuite> <!-- MW.TestAutomationDesign.Tests.LoginValidation -->
