<?xml version="1.0" encoding="UTF-8"?>
<!-- Generated by org.testng.reporters.JUnitReportReporter -->
<testsuite hostname="DESKTOP-KNQTGVG" failures="0" tests="1" name="MW.TestAutomationDesign.Tests.StandAloneTest3" time="8.090" errors="0" timestamp="2022-12-18T20:23:58 CET" skipped="0">
  <testcase classname="MW.TestAutomationDesign.Tests.StandAloneTest3" name="orderTest" time="8.090"/>
  <system-out/>
</testsuite> <!-- MW.TestAutomationDesign.Tests.StandAloneTest3 -->
