<?xml version="1.0" encoding="UTF-8"?>
<!-- Generated by org.testng.reporters.JUnitReportReporter -->
<testsuite hostname="DESKTOP-KNQTGVG" failures="0" tests="1" name="MW.TestAutomationDesign.Tests.LoginErrorValidation" time="15.606" errors="0" timestamp="2022-12-28T22:16:26 CET" skipped="0">
  <testcase classname="MW.TestAutomationDesign.Tests.LoginErrorValidation" name="manuaLoggingInTest" time="15.606"/>
  <system-out/>
</testsuite> <!-- MW.TestAutomationDesign.Tests.LoginErrorValidation -->
