<?xml version="1.0" encoding="UTF-8"?>
<!-- Generated by org.testng.reporters.JUnitReportReporter -->
<testsuite hostname="DESKTOP-AOAICE6" failures="0" tests="1" name="MW.TestAutomationDesign.Tests.OrderTest" time="14.718" errors="0" timestamp="2023-01-23T22:37:26 CET" skipped="0">
  <testcase classname="MW.TestAutomationDesign.Tests.OrderTest" name="checkoutTexboxesFullCheck" time="14.718"/>
  <system-out/>
</testsuite> <!-- MW.TestAutomationDesign.Tests.OrderTest -->
