<?xml version="1.0" encoding="UTF-8"?>
<!-- Generated by org.testng.reporters.JUnitReportReporter -->
<testsuite hostname="DESKTOP-AOAICE6" failures="0" tests="3" name="MW.TestAutomationDesign.Tests.LoginValidation" time="73.408" errors="0" timestamp="2023-02-02T12:14:19 CET" skipped="0">
  <testcase classname="MW.TestAutomationDesign.Tests.LoginValidation" name="logOnAllUsers" time="25.522"/>
  <system-out/>
  <testcase classname="MW.TestAutomationDesign.Tests.LoginValidation" name="manuaLoggingInTest" time="22.656"/>
  <system-out/>
  <testcase classname="MW.TestAutomationDesign.Tests.LoginValidation" name="LogOnSelectedUserFromDatabase" time="25.230"/>
  <system-out/>
</testsuite> <!-- MW.TestAutomationDesign.Tests.LoginValidation -->
