<?xml version="1.0" encoding="UTF-8"?>
<!-- Generated by org.testng.reporters.JUnitReportReporter -->
<testsuite hostname="DESKTOP-AOAICE6" failures="0" tests="1" name="MW.TestAutomationDesign.Tests.DevToolsTests" time="20.792" errors="0" timestamp="2023-02-01T08:00:47 CET" skipped="0">
  <testcase classname="MW.TestAutomationDesign.Tests.DevToolsTests" name="websiteOnDifferentDeviceSize" time="20.792"/>
  <system-out/>
</testsuite> <!-- MW.TestAutomationDesign.Tests.DevToolsTests -->
