<?xml version="1.0" encoding="UTF-8"?>
<!-- Generated by org.testng.reporters.JUnitReportReporter -->
<testsuite hostname="DESKTOP-AOAICE6" failures="0" tests="1" name="MW.TestAutomationDesign.Tests.OrderTest" time="10.617" errors="0" timestamp="2023-02-02T11:12:20 CET" skipped="0">
  <testcase classname="MW.TestAutomationDesign.Tests.OrderTest" name="cartCheck" time="10.617"/>
  <system-out/>
</testsuite> <!-- MW.TestAutomationDesign.Tests.OrderTest -->
