<?xml version="1.0" encoding="UTF-8"?>
<!-- Generated by org.testng.reporters.JUnitReportReporter -->
<testsuite hostname="DESKTOP-AOAICE6" failures="0" tests="3" name="MW.TestAutomationDesign.Tests.LoginValidation" time="72.661" errors="0" timestamp="2023-02-01T13:15:54 CET" skipped="0">
  <testcase classname="MW.TestAutomationDesign.Tests.LoginValidation" name="logOnAllUsers" time="25.479"/>
  <system-out/>
  <testcase classname="MW.TestAutomationDesign.Tests.LoginValidation" name="LogOnSelectedUserFromDatabase" time="24.462"/>
  <system-out/>
  <testcase classname="MW.TestAutomationDesign.Tests.LoginValidation" name="manuaLoggingInTest" time="22.720"/>
  <system-out/>
</testsuite> <!-- MW.TestAutomationDesign.Tests.LoginValidation -->
